{"total": {"lines":{"total":51,"covered":49,"skipped":0,"pct":96.07},"statements":{"total":65,"covered":63,"skipped":0,"pct":96.92},"functions":{"total":12,"covered":12,"skipped":0,"pct":100},"branches":{"total":35,"covered":32,"skipped":0,"pct":91.42},"branchesTrue":{"total":0,"covered":0,"skipped":0,"pct":"Unknown"}}
,"C:\\Users\\vince\\OneDrive\\Documents\\GitHub\\Matrix_Software_Implementation\\matrix.js": {"lines":{"total":51,"covered":49,"skipped":0,"pct":96.07},"functions":{"total":12,"covered":12,"skipped":0,"pct":100},"statements":{"total":65,"covered":63,"skipped":0,"pct":96.92},"branches":{"total":35,"covered":32,"skipped":0,"pct":91.42}}
}
